# JRE version: OpenJDK Runtime Environment Temurin-17.0.10+7 (17.0.10+7) (build 17.0.10+7)
# Java VM: OpenJDK 64-Bit Server VM Temurin-17.0.10+7 (17.0.10+7, mixed mode, tiered, compressed oops, compressed class ptrs, parallel gc, linux-amd64)
GC Precious Log:
 CPUs: 16 total, 16 available
 Memory: 63789M
 Large Page Support: Disabled
 NUMA Support: Disabled
 Compressed Oops: Enabled (32-bit)
 Alignments: Space 512K, Generation 512K, Heap 2M
 Heap Min Capacity: 100M
 Heap Initial Capacity: 100M
 Heap Max Capacity: 1G
 Pre-touch: Disabled
 Parallel Workers: 13
Heap:
 PSYoungGen      total 43008K, used 42110K [0x00000000eab00000, 0x00000000edb80000, 0x0000000100000000)
  eden space 36352K, 100% used [0x00000000eab00000,0x00000000ece80000,0x00000000ece80000)
  from space 6656K, 86% used [0x00000000ed500000,0x00000000eda9f9f0,0x00000000edb80000)
  to   space 6656K, 0% used [0x00000000ece80000,0x00000000ece80000,0x00000000ed500000)
 ParOldGen       total 190464K, used 144196K [0x00000000c0000000, 0x00000000cba00000, 0x00000000eab00000)
  object space 190464K, 75% used [0x00000000c0000000,0x00000000c8cd12a8,0x00000000cba00000)
 Metaspace       used 72229K, committed 73280K, reserved 1114112K
  class space    used 7716K, committed 8192K, reserved 1048576K
GC Heap History (20 events):
Event: 7.179 GC heap before
{Heap before GC invocations=78 (full 6):
 PSYoungGen      total 25600K, used 25248K [0x00000000eab00000, 0x00000000ec880000, 0x0000000100000000)
  eden space 21504K, 100% used [0x00000000eab00000,0x00000000ec000000,0x00000000ec000000)
  from space 4096K, 91% used [0x00000000ec480000,0x00000000ec828000,0x00000000ec880000)
  to   space 4096K, 0% used [0x00000000ec080000,0x00000000ec080000,0x00000000ec480000)
 ParOldGen       total 145408K, used 134238K [0x00000000c0000000, 0x00000000c8e00000, 0x00000000eab00000)
  object space 145408K, 92% used [0x00000000c0000000,0x00000000c8317ab0,0x00000000c8e00000)
 Metaspace       used 70802K, committed 71936K, reserved 1114112K
  class space    used 7577K, committed 8064K, reserved 1048576K
}
Event: 7.184 GC heap after
{Heap after GC invocations=78 (full 6):
 PSYoungGen      total 26112K, used 4086K [0x00000000eab00000, 0x00000000ed480000, 0x0000000100000000)
  eden space 22016K, 0% used [0x00000000eab00000,0x00000000eab00000,0x00000000ec080000)
  from space 4096K, 99% used [0x00000000ec080000,0x00000000ec47da18,0x00000000ec480000)
  to   space 9216K, 0% used [0x00000000ecb80000,0x00000000ecb80000,0x00000000ed480000)
 ParOldGen       total 145408K, used 138371K [0x00000000c0000000, 0x00000000c8e00000, 0x00000000eab00000)
  object space 145408K, 95% used [0x00000000c0000000,0x00000000c8720d30,0x00000000c8e00000)
 Metaspace       used 70802K, committed 71936K, reserved 1114112K
  class space    used 7577K, committed 8064K, reserved 1048576K
}
Event: 7.208 GC heap before
{Heap before GC invocations=79 (full 6):
 PSYoungGen      total 26112K, used 26102K [0x00000000eab00000, 0x00000000ed480000, 0x0000000100000000)
  eden space 22016K, 100% used [0x00000000eab00000,0x00000000ec080000,0x00000000ec080000)
  from space 4096K, 99% used [0x00000000ec080000,0x00000000ec47da18,0x00000000ec480000)
  to   space 9216K, 0% used [0x00000000ecb80000,0x00000000ecb80000,0x00000000ed480000)
 ParOldGen       total 145408K, used 138371K [0x00000000c0000000, 0x00000000c8e00000, 0x00000000eab00000)
  object space 145408K, 95% used [0x00000000c0000000,0x00000000c8720d50,0x00000000c8e00000)
 Metaspace       used 70806K, committed 71936K, reserved 1114112K
  class space    used 7577K, committed 8064K, reserved 1048576K
}
Event: 7.215 GC heap after
{Heap after GC invocations=79 (full 6):
 PSYoungGen      total 29184K, used 4668K [0x00000000eab00000, 0x00000000ed080000, 0x0000000100000000)
  eden space 24064K, 0% used [0x00000000eab00000,0x00000000eab00000,0x00000000ec280000)
  from space 5120K, 91% used [0x00000000ecb80000,0x00000000ed00f210,0x00000000ed080000)
  to   space 6144K, 0% used [0x00000000ec480000,0x00000000ec480000,0x00000000eca80000)
 ParOldGen       total 145408K, used 142465K [0x00000000c0000000, 0x00000000c8e00000, 0x00000000eab00000)
  object space 145408K, 97% used [0x00000000c0000000,0x00000000c8b207f8,0x00000000c8e00000)
 Metaspace       used 70806K, committed 71936K, reserved 1114112K
  class space    used 7577K, committed 8064K, reserved 1048576K
}
Event: 7.215 GC heap before
{Heap before GC invocations=80 (full 7):
 PSYoungGen      total 29184K, used 4668K [0x00000000eab00000, 0x00000000ed080000, 0x0000000100000000)
  eden space 24064K, 0% used [0x00000000eab00000,0x00000000eab00000,0x00000000ec280000)
  from space 5120K, 91% used [0x00000000ecb80000,0x00000000ed00f210,0x00000000ed080000)
  to   space 6144K, 0% used [0x00000000ec480000,0x00000000ec480000,0x00000000eca80000)
 ParOldGen       total 145408K, used 142465K [0x00000000c0000000, 0x00000000c8e00000, 0x00000000eab00000)
  object space 145408K, 97% used [0x00000000c0000000,0x00000000c8b207f8,0x00000000c8e00000)
 Metaspace       used 70806K, committed 71936K, reserved 1114112K
  class space    used 7577K, committed 8064K, reserved 1048576K
}
Event: 7.300 GC heap after
{Heap after GC invocations=80 (full 7):
 PSYoungGen      total 32256K, used 0K [0x00000000eab00000, 0x00000000ed180000, 0x0000000100000000)
  eden space 26112K, 0% used [0x00000000eab00000,0x00000000eab00000,0x00000000ec480000)
  from space 6144K, 0% used [0x00000000ec480000,0x00000000ec480000,0x00000000eca80000)
  to   space 6144K, 0% used [0x00000000ecb80000,0x00000000ecb80000,0x00000000ed180000)
 ParOldGen       total 190464K, used 126915K [0x00000000c0000000, 0x00000000cba00000, 0x00000000eab00000)
  object space 190464K, 66% used [0x00000000c0000000,0x00000000c7bf0cb8,0x00000000cba00000)
 Metaspace       used 70806K, committed 71936K, reserved 1114112K
  class space    used 7577K, committed 8064K, reserved 1048576K
}
Event: 7.332 GC heap before
{Heap before GC invocations=81 (full 7):
 PSYoungGen      total 32256K, used 26112K [0x00000000eab00000, 0x00000000ed180000, 0x0000000100000000)
  eden space 26112K, 100% used [0x00000000eab00000,0x00000000ec480000,0x00000000ec480000)
  from space 6144K, 0% used [0x00000000ec480000,0x00000000ec480000,0x00000000eca80000)
  to   space 6144K, 0% used [0x00000000ecb80000,0x00000000ecb80000,0x00000000ed180000)
 ParOldGen       total 190464K, used 126917K [0x00000000c0000000, 0x00000000cba00000, 0x00000000eab00000)
  object space 190464K, 66% used [0x00000000c0000000,0x00000000c7bf1718,0x00000000cba00000)
 Metaspace       used 70807K, committed 71936K, reserved 1114112K
  class space    used 7577K, committed 8064K, reserved 1048576K
}
Event: 7.335 GC heap after
{Heap after GC invocations=81 (full 7):
 PSYoungGen      total 33280K, used 3133K [0x00000000eab00000, 0x00000000ecf80000, 0x0000000100000000)
  eden space 29184K, 0% used [0x00000000eab00000,0x00000000eab00000,0x00000000ec780000)
  from space 4096K, 76% used [0x00000000ecb80000,0x00000000ece8f728,0x00000000ecf80000)
  to   space 4096K, 0% used [0x00000000ec780000,0x00000000ec780000,0x00000000ecb80000)
 ParOldGen       total 190464K, used 126917K [0x00000000c0000000, 0x00000000cba00000, 0x00000000eab00000)
  object space 190464K, 66% used [0x00000000c0000000,0x00000000c7bf1718,0x00000000cba00000)
 Metaspace       used 70807K, committed 71936K, reserved 1114112K
  class space    used 7577K, committed 8064K, reserved 1048576K
}
Event: 7.363 GC heap before
{Heap before GC invocations=82 (full 7):
 PSYoungGen      total 33280K, used 32317K [0x00000000eab00000, 0x00000000ecf80000, 0x0000000100000000)
  eden space 29184K, 100% used [0x00000000eab00000,0x00000000ec780000,0x00000000ec780000)
  from space 4096K, 76% used [0x00000000ecb80000,0x00000000ece8f728,0x00000000ecf80000)
  to   space 4096K, 0% used [0x00000000ec780000,0x00000000ec780000,0x00000000ecb80000)
 ParOldGen       total 190464K, used 126917K [0x00000000c0000000, 0x00000000cba00000, 0x00000000eab00000)
  object space 190464K, 66% used [0x00000000c0000000,0x00000000c7bf1718,0x00000000cba00000)
 Metaspace       used 70807K, committed 71936K, reserved 1114112K
  class space    used 7577K, committed 8064K, reserved 1048576K
}
Event: 7.367 GC heap after
{Heap after GC invocations=82 (full 7):
 PSYoungGen      total 33280K, used 4095K [0x00000000eab00000, 0x00000000ed680000, 0x0000000100000000)
  eden space 29184K, 0% used [0x00000000eab00000,0x00000000eab00000,0x00000000ec780000)
  from space 4096K, 99% used [0x00000000ec780000,0x00000000ecb7ff88,0x00000000ecb80000)
  to   space 6144K, 0% used [0x00000000ed080000,0x00000000ed080000,0x00000000ed680000)
 ParOldGen       total 190464K, used 128354K [0x00000000c0000000, 0x00000000cba00000, 0x00000000eab00000)
  object space 190464K, 67% used [0x00000000c0000000,0x00000000c7d588e0,0x00000000cba00000)
 Metaspace       used 70807K, committed 71936K, reserved 1114112K
  class space    used 7577K, committed 8064K, reserved 1048576K
}
Event: 7.391 GC heap before
{Heap before GC invocations=83 (full 7):
 PSYoungGen      total 33280K, used 33279K [0x00000000eab00000, 0x00000000ed680000, 0x0000000100000000)
  eden space 29184K, 100% used [0x00000000eab00000,0x00000000ec780000,0x00000000ec780000)
  from space 4096K, 99% used [0x00000000ec780000,0x00000000ecb7ff88,0x00000000ecb80000)
  to   space 6144K, 0% used [0x00000000ed080000,0x00000000ed080000,0x00000000ed680000)
 ParOldGen       total 190464K, used 128354K [0x00000000c0000000, 0x00000000cba00000, 0x00000000eab00000)
  object space 190464K, 67% used [0x00000000c0000000,0x00000000c7d588e0,0x00000000cba00000)
 Metaspace       used 70807K, committed 71936K, reserved 1114112K
  class space    used 7577K, committed 8064K, reserved 1048576K
}
Event: 7.397 GC heap after
{Heap after GC invocations=83 (full 7):
 PSYoungGen      total 35328K, used 2663K [0x00000000eab00000, 0x00000000ed380000, 0x0000000100000000)
  eden space 32256K, 0% used [0x00000000eab00000,0x00000000eab00000,0x00000000eca80000)
  from space 3072K, 86% used [0x00000000ed080000,0x00000000ed319ff8,0x00000000ed380000)
  to   space 4096K, 0% used [0x00000000ecb80000,0x00000000ecb80000,0x00000000ecf80000)
 ParOldGen       total 190464K, used 132163K [0x00000000c0000000, 0x00000000cba00000, 0x00000000eab00000)
  object space 190464K, 69% used [0x00000000c0000000,0x00000000c8110ec0,0x00000000cba00000)
 Metaspace       used 70807K, committed 71936K, reserved 1114112K
  class space    used 7577K, committed 8064K, reserved 1048576K
}
Event: 7.425 GC heap before
{Heap before GC invocations=84 (full 7):
 PSYoungGen      total 35328K, used 34919K [0x00000000eab00000, 0x00000000ed380000, 0x0000000100000000)
  eden space 32256K, 100% used [0x00000000eab00000,0x00000000eca80000,0x00000000eca80000)
  from space 3072K, 86% used [0x00000000ed080000,0x00000000ed319ff8,0x00000000ed380000)
  to   space 4096K, 0% used [0x00000000ecb80000,0x00000000ecb80000,0x00000000ecf80000)
 ParOldGen       total 190464K, used 132163K [0x00000000c0000000, 0x00000000cba00000, 0x00000000eab00000)
  object space 190464K, 69% used [0x00000000c0000000,0x00000000c8110fa8,0x00000000cba00000)
 Metaspace       used 70809K, committed 71936K, reserved 1114112K
  class space    used 7577K, committed 8064K, reserved 1048576K
}
Event: 7.429 GC heap after
{Heap after GC invocations=84 (full 7):
 PSYoungGen      total 36352K, used 4076K [0x00000000eab00000, 0x00000000ed580000, 0x0000000100000000)
  eden space 32256K, 0% used [0x00000000eab00000,0x00000000eab00000,0x00000000eca80000)
  from space 4096K, 99% used [0x00000000ecb80000,0x00000000ecf7b180,0x00000000ecf80000)
  to   space 5632K, 0% used [0x00000000ed000000,0x00000000ed000000,0x00000000ed580000)
 ParOldGen       total 190464K, used 133147K [0x00000000c0000000, 0x00000000cba00000, 0x00000000eab00000)
  object space 190464K, 69% used [0x00000000c0000000,0x00000000c8206c28,0x00000000cba00000)
 Metaspace       used 70809K, committed 71936K, reserved 1114112K
  class space    used 7577K, committed 8064K, reserved 1048576K
}
Event: 7.464 GC heap before
{Heap before GC invocations=85 (full 7):
 PSYoungGen      total 36352K, used 36332K [0x00000000eab00000, 0x00000000ed580000, 0x0000000100000000)
  eden space 32256K, 100% used [0x00000000eab00000,0x00000000eca80000,0x00000000eca80000)
  from space 4096K, 99% used [0x00000000ecb80000,0x00000000ecf7b180,0x00000000ecf80000)
  to   space 5632K, 0% used [0x00000000ed000000,0x00000000ed000000,0x00000000ed580000)
 ParOldGen       total 190464K, used 133173K [0x00000000c0000000, 0x00000000cba00000, 0x00000000eab00000)
  object space 190464K, 69% used [0x00000000c0000000,0x00000000c820d5f8,0x00000000cba00000)
 Metaspace       used 71069K, committed 72192K, reserved 1114112K
  class space    used 7613K, committed 8064K, reserved 1048576K
}
Event: 7.471 GC heap after
{Heap after GC invocations=85 (full 7):
 PSYoungGen      total 35840K, used 3203K [0x00000000eab00000, 0x00000000ed380000, 0x0000000100000000)
  eden space 32256K, 0% used [0x00000000eab00000,0x00000000eab00000,0x00000000eca80000)
  from space 3584K, 89% used [0x00000000ed000000,0x00000000ed320ee0,0x00000000ed380000)
  to   space 4096K, 0% used [0x00000000ecb80000,0x00000000ecb80000,0x00000000ecf80000)
 ParOldGen       total 190464K, used 137173K [0x00000000c0000000, 0x00000000cba00000, 0x00000000eab00000)
  object space 190464K, 72% used [0x00000000c0000000,0x00000000c85f5630,0x00000000cba00000)
 Metaspace       used 71069K, committed 72192K, reserved 1114112K
  class space    used 7613K, committed 8064K, reserved 1048576K
}
Event: 7.517 GC heap before
{Heap before GC invocations=86 (full 7):
 PSYoungGen      total 35840K, used 35459K [0x00000000eab00000, 0x00000000ed380000, 0x0000000100000000)
  eden space 32256K, 100% used [0x00000000eab00000,0x00000000eca80000,0x00000000eca80000)
  from space 3584K, 89% used [0x00000000ed000000,0x00000000ed320ee0,0x00000000ed380000)
  to   space 4096K, 0% used [0x00000000ecb80000,0x00000000ecb80000,0x00000000ecf80000)
 ParOldGen       total 190464K, used 137241K [0x00000000c0000000, 0x00000000cba00000, 0x00000000eab00000)
  object space 190464K, 72% used [0x00000000c0000000,0x00000000c8606718,0x00000000cba00000)
 Metaspace       used 71469K, committed 72576K, reserved 1114112K
  class space    used 7641K, committed 8128K, reserved 1048576K
}
Event: 7.526 GC heap after
{Heap after GC invocations=86 (full 7):
 PSYoungGen      total 37376K, used 4075K [0x00000000eab00000, 0x00000000edc80000, 0x0000000100000000)
  eden space 33280K, 0% used [0x00000000eab00000,0x00000000eab00000,0x00000000ecb80000)
  from space 4096K, 99% used [0x00000000ecb80000,0x00000000ecf7ada8,0x00000000ecf80000)
  to   space 7680K, 0% used [0x00000000ed500000,0x00000000ed500000,0x00000000edc80000)
 ParOldGen       total 190464K, used 140058K [0x00000000c0000000, 0x00000000cba00000, 0x00000000eab00000)
  object space 190464K, 73% used [0x00000000c0000000,0x00000000c88c6828,0x00000000cba00000)
 Metaspace       used 71469K, committed 72576K, reserved 1114112K
  class space    used 7641K, committed 8128K, reserved 1048576K
}
Event: 7.643 GC heap before
{Heap before GC invocations=87 (full 7):
 PSYoungGen      total 37376K, used 37355K [0x00000000eab00000, 0x00000000edc80000, 0x0000000100000000)
  eden space 33280K, 100% used [0x00000000eab00000,0x00000000ecb80000,0x00000000ecb80000)
  from space 4096K, 99% used [0x00000000ecb80000,0x00000000ecf7ada8,0x00000000ecf80000)
  to   space 7680K, 0% used [0x00000000ed500000,0x00000000ed500000,0x00000000edc80000)
 ParOldGen       total 190464K, used 140058K [0x00000000c0000000, 0x00000000cba00000, 0x00000000eab00000)
  object space 190464K, 73% used [0x00000000c0000000,0x00000000c88c6828,0x00000000cba00000)
 Metaspace       used 71952K, committed 73024K, reserved 1114112K
  class space    used 7681K, committed 8128K, reserved 1048576K
}
Event: 7.651 GC heap after
{Heap after GC invocations=87 (full 7):
 PSYoungGen      total 43008K, used 5758K [0x00000000eab00000, 0x00000000edb80000, 0x0000000100000000)
  eden space 36352K, 0% used [0x00000000eab00000,0x00000000eab00000,0x00000000ece80000)
  from space 6656K, 86% used [0x00000000ed500000,0x00000000eda9f9f0,0x00000000edb80000)
  to   space 6656K, 0% used [0x00000000ece80000,0x00000000ece80000,0x00000000ed500000)
 ParOldGen       total 190464K, used 144196K [0x00000000c0000000, 0x00000000cba00000, 0x00000000eab00000)
  object space 190464K, 75% used [0x00000000c0000000,0x00000000c8cd12a8,0x00000000cba00000)
 Metaspace       used 71952K, committed 73024K, reserved 1114112K
  class space    used 7681K, committed 8128K, reserved 1048576K
}

